Arguments: 
  C:\Program Files\nodejs\node.exe C:\Users\privr\AppData\Roaming\npm\node_modules\yarn\bin\yarn.js add --dev jest

PATH: 
  C:\Program Files (x86)\Common Files\Oracle\Java\javapath;C:\Program Files (x86)\NVIDIA Corporation\PhysX\Common;C:\Python27\;C:\Python27\Scripts;C:\WINDOWS\system32;C:\WINDOWS;C:\WINDOWS\System32\Wbem;C:\WINDOWS\System32\WindowsPowerShell\v1.0\;C:\WINDOWS\System32\OpenSSH\;C:\Program Files\nodejs\;C:\ProgramData\chocolatey\bin;C:\Program Files\Git\cmd;C:\Users\privr\AppData\Local\Microsoft\WindowsApps;E:\Microsoft VS Code\bin;C:\Users\privr\AppData\Local\GitHubDesktop\bin;C:\Users\privr\AppData\Roaming\npm

Yarn version: 
  1.21.1

Node version: 
  12.14.1

Platform: 
  win32 x64

Trace: 
  Error: EPERM: operation not permitted, unlink 'D:\-- Profissional\-- Projects\Omnistack11\backend\node_modules\sqlite3\lib\binding\node-v72-win32-x64\node_sqlite3.node'

npm manifest: 
  {
    "name": "backend",
    "version": "1.0.0",
    "description": "",
    "main": "index.js",
    "scripts": {
      "start": "nodemon ./src/index.js",
      "test": "jest"
    },
    "keywords": [],
    "author": "",
    "license": "ISC",
    "dependencies": {
      "celebrate": "^12.0.1",
      "cors": "^2.8.5",
      "express": "^4.17.1",
      "knex": "^0.20.13",
      "sqlite3": "^4.1.1"
    },
    "devDependencies": {
      "nodemon": "^2.0.2"
    }
  }

yarn manifest: 
  No manifest

Lockfile: 
  No lockfile
